#
# There is insufficient memory for the Java Runtime Environment to continue.
# Native memory allocation (malloc) failed to allocate 32744 bytes for ChunkPool::allocate
# Possible reasons:
#   The system is out of physical RAM or swap space
#   The process is running with CompressedOops enabled, and the Java Heap may be blocking the growth of the native heap
# Possible solutions:
#   Reduce memory load on the system
#   Increase physical memory or swap space
#   Check if swap backing store is full
#   Decrease Java heap size (-Xmx/-Xms)
#   Decrease number of Java threads
#   Decrease Java thread stack sizes (-Xss)
#   Set larger code cache with -XX:ReservedCodeCacheSize=
#   JVM is running with Unscaled Compressed Oops mode in which the Java heap is
#     placed in the first 4GB address space. The Java Heap base address is the
#     maximum limit for the native heap growth. Please use -XX:HeapBaseMinAddress
#     to set the Java Heap base and to place the Java Heap above 4GB virtual address.
# This output file may be truncated or incomplete.
#
#  Out of Memory Error (arena.cpp:78), pid=16640, tid=13164
#
# JRE version: OpenJDK Runtime Environment Temurin-17.0.7+7 (17.0.7+7) (build 17.0.7+7)
# Java VM: OpenJDK 64-Bit Server VM Temurin-17.0.7+7 (17.0.7+7, mixed mode, tiered, compressed oops, compressed class ptrs, g1 gc, windows-amd64)
# No core dump will be written. Minidumps are not enabled by default on client versions of Windows
#

---------------  S U M M A R Y ------------

Command Line: -Dcom.sun.management.jmxremote -Dcom.sun.management.jmxremote.port=52852 -Dcom.sun.management.jmxremote.authenticate=false -Dcom.sun.management.jmxremote.ssl=false -Djava.rmi.server.hostname=localhost -Dspring.jmx.enabled=true -Dmanagement.endpoints.jmx.exposure.include=* -Dspring.application.admin.enabled=true -Dspring.boot.project.name=TaskManagement -Dfile.encoding=UTF-8 -XX:+ShowCodeDetailsInExceptionMessages com.narvee.TaskManagementApplication --spring.output.ansi.enabled=always

Host: Intel(R) Core(TM) i7-4790 CPU @ 3.60GHz, 8 cores, 3G,  Windows 10 , 64 bit Build 19041 (10.0.19041.5915)
Time: Sat Sep 13 12:44:35 2025 India Standard Time elapsed time: 14.546636 seconds (0d 0h 0m 14s)

---------------  T H R E A D  ---------------

Current thread (0x000002d07ecd7cc0):  JavaThread "C2 CompilerThread0" daemon [_thread_in_native, id=13164, stack(0x000000f6b2300000,0x000000f6b2400000)]


Current CompileTask:
C2:  14547 1043       4       java.util.jar.JarFile::getEntry (35 bytes)

Stack: [0x000000f6b2300000,0x000000f6b2400000]
Native frames: (J=compiled Java code, j=interpreted, Vv=VM code, C=native code)
V  [jvm.dll+0x67754a]
V  [jvm.dll+0x834304]
V  [jvm.dll+0x835aae]
V  [jvm.dll+0x836113]
V  [jvm.dll+0x24696f]
V  [jvm.dll+0xac2cc]
V  [jvm.dll+0xac67c]
V  [jvm.dll+0x11e7b8]
V  [jvm.dll+0x6a0c59]
V  [jvm.dll+0x1bceb4]
V  [jvm.dll+0x219799]
V  [jvm.dll+0x218a61]
V  [jvm.dll+0x1a4d8d]
V  [jvm.dll+0x2284da]
V  [jvm.dll+0x226615]
V  [jvm.dll+0x7ea90b]
V  [jvm.dll+0x7e4e7a]
V  [jvm.dll+0x676395]
C  [ucrtbase.dll+0x21bb2]
C  [KERNEL32.DLL+0x17374]
C  [ntdll.dll+0x4cc91]


---------------  P R O C E S S  ---------------

Threads class SMR info:
_java_thread_list=0x000002d07f9ce1c0, length=16, elements={
0x000002d0763095e0, 0x000002d07ec76b30, 0x000002d07ec78ae0, 0x000002d07ec996b0,
0x000002d07ecd1400, 0x000002d07ecd1cc0, 0x000002d07ecd31b0, 0x000002d07ecd7cc0,
0x000002d07ecda9e0, 0x000002d07ecdb2e0, 0x000002d07eebd230, 0x000002d07f0d6540,
0x000002d07f818c30, 0x000002d07f8156c0, 0x000002d07f9da8c0, 0x000002d07f9ce7e0
}

Java Threads: ( => current thread )
  0x000002d0763095e0 JavaThread "main" [_thread_in_vm, id=13796, stack(0x000000f6b1600000,0x000000f6b1700000)]
  0x000002d07ec76b30 JavaThread "Reference Handler" daemon [_thread_blocked, id=8400, stack(0x000000f6b1d00000,0x000000f6b1e00000)]
  0x000002d07ec78ae0 JavaThread "Finalizer" daemon [_thread_blocked, id=15464, stack(0x000000f6b1e00000,0x000000f6b1f00000)]
  0x000002d07ec996b0 JavaThread "Signal Dispatcher" daemon [_thread_blocked, id=13580, stack(0x000000f6b1f00000,0x000000f6b2000000)]
  0x000002d07ecd1400 JavaThread "Attach Listener" daemon [_thread_blocked, id=4904, stack(0x000000f6b2000000,0x000000f6b2100000)]
  0x000002d07ecd1cc0 JavaThread "Service Thread" daemon [_thread_blocked, id=17384, stack(0x000000f6b2100000,0x000000f6b2200000)]
  0x000002d07ecd31b0 JavaThread "Monitor Deflation Thread" daemon [_thread_blocked, id=18196, stack(0x000000f6b2200000,0x000000f6b2300000)]
=>0x000002d07ecd7cc0 JavaThread "C2 CompilerThread0" daemon [_thread_in_native, id=13164, stack(0x000000f6b2300000,0x000000f6b2400000)]
  0x000002d07ecda9e0 JavaThread "C1 CompilerThread0" daemon [_thread_in_native, id=18964, stack(0x000000f6b2400000,0x000000f6b2500000)]
  0x000002d07ecdb2e0 JavaThread "Sweeper thread" daemon [_thread_blocked, id=10816, stack(0x000000f6b2500000,0x000000f6b2600000)]
  0x000002d07eebd230 JavaThread "Common-Cleaner" daemon [_thread_blocked, id=16776, stack(0x000000f6b2600000,0x000000f6b2700000)]
  0x000002d07f0d6540 JavaThread "Notification Thread" daemon [_thread_blocked, id=18024, stack(0x000000f6b2700000,0x000000f6b2800000)]
  0x000002d07f818c30 JavaThread "RMI TCP Accept-0" daemon [_thread_in_native, id=12916, stack(0x000000f6b2800000,0x000000f6b2900000)]
  0x000002d07f8156c0 JavaThread "RMI TCP Accept-52852" daemon [_thread_in_native, id=9768, stack(0x000000f6b2900000,0x000000f6b2a00000)]
  0x000002d07f9da8c0 JavaThread "RMI TCP Accept-0" daemon [_thread_in_native, id=4568, stack(0x000000f6b2a00000,0x000000f6b2b00000)]
  0x000002d07f9ce7e0 JavaThread "RMI TCP Connection(1)-127.0.0.1" daemon [_thread_in_vm, id=18580, stack(0x000000f6b2c00000,0x000000f6b2d00000)]

Other Threads:
  0x000002d07ec70050 VMThread "VM Thread" [stack: 0x000000f6b1c00000,0x000000f6b1d00000] [id=7840]
  0x000002d07f823850 WatcherThread [stack: 0x000000f6b2b00000,0x000000f6b2c00000] [id=14440]
  0x000002d0763456c0 GCTaskThread "GC Thread#0" [stack: 0x000000f6b1700000,0x000000f6b1800000] [id=14716]
  0x000002d07634e250 ConcurrentGCThread "G1 Main Marker" [stack: 0x000000f6b1800000,0x000000f6b1900000] [id=4340]
  0x000002d07634fb80 ConcurrentGCThread "G1 Conc#0" [stack: 0x000000f6b1900000,0x000000f6b1a00000] [id=18888]
  0x000002d0763b0c80 ConcurrentGCThread "G1 Refine#0" [stack: 0x000000f6b1a00000,0x000000f6b1b00000] [id=3804]
  0x000002d0763b15b0 ConcurrentGCThread "G1 Service" [stack: 0x000000f6b1b00000,0x000000f6b1c00000] [id=1800]

Threads with active compile tasks:
C2 CompilerThread0    14614 1043       4       java.util.jar.JarFile::getEntry (35 bytes)
C1 CompilerThread0    14614 1061       3       java.net.URLStreamHandler::parseURL (1201 bytes)

VM state: not at safepoint (normal execution)

VM Mutex/Monitor currently owned by a thread:  ([mutex/lock_event])
[0x000002d076301bf0] Metaspace_lock - owner thread: 0x000002d0763095e0

Heap address: 0x00000000c1600000, size: 1002 MB, Compressed Oops mode: 32-bit

CDS archive(s) not mapped
Compressed class space mapped at: 0x0000000100000000-0x0000000140000000, reserved size: 1073741824
Narrow klass base: 0x0000000000000000, Narrow klass shift: 3, Narrow klass range: 0x140000000

GC Precious Log:
 CPUs: 8 total, 8 available
 Memory: 4004M
 Large Page Support: Disabled
 NUMA Support: Disabled
 Compressed Oops: Enabled (32-bit)
 Heap Region Size: 1M
 Heap Min Capacity: 8M
 Heap Initial Capacity: 64M
 Heap Max Capacity: 1002M
 Pre-touch: Disabled
 Parallel Workers: 8
 Concurrent Workers: 2
 Concurrent Refinement Workers: 8
 Periodic GC: Disabled

Heap:
 garbage-first heap   total 65536K, used 18432K [0x00000000c1600000, 0x0000000100000000)
  region size 1024K, 18 young (18432K), 0 survivors (0K)
 Metaspace       used 13787K, committed 13952K, reserved 1114112K
  class space    used 1335K, committed 1408K, reserved 1048576K

Heap Regions: E=young(eden), S=young(survivor), O=old, HS=humongous(starts), HC=humongous(continues), CS=collection set, F=free, OA=open archive, CA=closed archive, TAMS=top-at-mark-start (previous, next)
|   0|0x00000000c1600000, 0x00000000c1700000, 0x00000000c1700000|100%|HS|  |TAMS 0x00000000c1600000, 0x00000000c1600000| Complete 
|   1|0x00000000c1700000, 0x00000000c1800000, 0x00000000c1800000|100%|HS|  |TAMS 0x00000000c1700000, 0x00000000c1700000| Complete 
|   2|0x00000000c1800000, 0x00000000c1800000, 0x00000000c1900000|  0%| F|  |TAMS 0x00000000c1800000, 0x00000000c1800000| Untracked 
|   3|0x00000000c1900000, 0x00000000c1900000, 0x00000000c1a00000|  0%| F|  |TAMS 0x00000000c1900000, 0x00000000c1900000| Untracked 
|   4|0x00000000c1a00000, 0x00000000c1a00000, 0x00000000c1b00000|  0%| F|  |TAMS 0x00000000c1a00000, 0x00000000c1a00000| Untracked 
|   5|0x00000000c1b00000, 0x00000000c1b00000, 0x00000000c1c00000|  0%| F|  |TAMS 0x00000000c1b00000, 0x00000000c1b00000| Untracked 
|   6|0x00000000c1c00000, 0x00000000c1c00000, 0x00000000c1d00000|  0%| F|  |TAMS 0x00000000c1c00000, 0x00000000c1c00000| Untracked 
|   7|0x00000000c1d00000, 0x00000000c1d00000, 0x00000000c1e00000|  0%| F|  |TAMS 0x00000000c1d00000, 0x00000000c1d00000| Untracked 
|   8|0x00000000c1e00000, 0x00000000c1e00000, 0x00000000c1f00000|  0%| F|  |TAMS 0x00000000c1e00000, 0x00000000c1e00000| Untracked 
|   9|0x00000000c1f00000, 0x00000000c1f00000, 0x00000000c2000000|  0%| F|  |TAMS 0x00000000c1f00000, 0x00000000c1f00000| Untracked 
|  10|0x00000000c2000000, 0x00000000c2000000, 0x00000000c2100000|  0%| F|  |TAMS 0x00000000c2000000, 0x00000000c2000000| Untracked 
|  11|0x00000000c2100000, 0x00000000c2100000, 0x00000000c2200000|  0%| F|  |TAMS 0x00000000c2100000, 0x00000000c2100000| Untracked 
|  12|0x00000000c2200000, 0x00000000c2200000, 0x00000000c2300000|  0%| F|  |TAMS 0x00000000c2200000, 0x00000000c2200000| Untracked 
|  13|0x00000000c2300000, 0x00000000c2300000, 0x00000000c2400000|  0%| F|  |TAMS 0x00000000c2300000, 0x00000000c2300000| Untracked 
|  14|0x00000000c2400000, 0x00000000c2400000, 0x00000000c2500000|  0%| F|  |TAMS 0x00000000c2400000, 0x00000000c2400000| Untracked 
|  15|0x00000000c2500000, 0x00000000c2500000, 0x00000000c2600000|  0%| F|  |TAMS 0x00000000c2500000, 0x00000000c2500000| Untracked 
|  16|0x00000000c2600000, 0x00000000c2600000, 0x00000000c2700000|  0%| F|  |TAMS 0x00000000c2600000, 0x00000000c2600000| Untracked 
|  17|0x00000000c2700000, 0x00000000c2700000, 0x00000000c2800000|  0%| F|  |TAMS 0x00000000c2700000, 0x00000000c2700000| Untracked 
|  18|0x00000000c2800000, 0x00000000c2800000, 0x00000000c2900000|  0%| F|  |TAMS 0x00000000c2800000, 0x00000000c2800000| Untracked 
|  19|0x00000000c2900000, 0x00000000c2900000, 0x00000000c2a00000|  0%| F|  |TAMS 0x00000000c2900000, 0x00000000c2900000| Untracked 
|  20|0x00000000c2a00000, 0x00000000c2a00000, 0x00000000c2b00000|  0%| F|  |TAMS 0x00000000c2a00000, 0x00000000c2a00000| Untracked 
|  21|0x00000000c2b00000, 0x00000000c2b00000, 0x00000000c2c00000|  0%| F|  |TAMS 0x00000000c2b00000, 0x00000000c2b00000| Untracked 
|  22|0x00000000c2c00000, 0x00000000c2c00000, 0x00000000c2d00000|  0%| F|  |TAMS 0x00000000c2c00000, 0x00000000c2c00000| Untracked 
|  23|0x00000000c2d00000, 0x00000000c2d00000, 0x00000000c2e00000|  0%| F|  |TAMS 0x00000000c2d00000, 0x00000000c2d00000| Untracked 
|  24|0x00000000c2e00000, 0x00000000c2e00000, 0x00000000c2f00000|  0%| F|  |TAMS 0x00000000c2e00000, 0x00000000c2e00000| Untracked 
|  25|0x00000000c2f00000, 0x00000000c2f00000, 0x00000000c3000000|  0%| F|  |TAMS 0x00000000c2f00000, 0x00000000c2f00000| Untracked 
|  26|0x00000000c3000000, 0x00000000c3000000, 0x00000000c3100000|  0%| F|  |TAMS 0x00000000c3000000, 0x00000000c3000000| Untracked 
|  27|0x00000000c3100000, 0x00000000c3100000, 0x00000000c3200000|  0%| F|  |TAMS 0x00000000c3100000, 0x00000000c3100000| Untracked 
|  28|0x00000000c3200000, 0x00000000c3200000, 0x00000000c3300000|  0%| F|  |TAMS 0x00000000c3200000, 0x00000000c3200000| Untracked 
|  29|0x00000000c3300000, 0x00000000c3300000, 0x00000000c3400000|  0%| F|  |TAMS 0x00000000c3300000, 0x00000000c3300000| Untracked 
|  30|0x00000000c3400000, 0x00000000c3400000, 0x00000000c3500000|  0%| F|  |TAMS 0x00000000c3400000, 0x00000000c3400000| Untracked 
|  31|0x00000000c3500000, 0x00000000c3500000, 0x00000000c3600000|  0%| F|  |TAMS 0x00000000c3500000, 0x00000000c3500000| Untracked 
|  32|0x00000000c3600000, 0x00000000c3600000, 0x00000000c3700000|  0%| F|  |TAMS 0x00000000c3600000, 0x00000000c3600000| Untracked 
|  33|0x00000000c3700000, 0x00000000c3700000, 0x00000000c3800000|  0%| F|  |TAMS 0x00000000c3700000, 0x00000000c3700000| Untracked 
|  34|0x00000000c3800000, 0x00000000c3800000, 0x00000000c3900000|  0%| F|  |TAMS 0x00000000c3800000, 0x00000000c3800000| Untracked 
|  35|0x00000000c3900000, 0x00000000c3900000, 0x00000000c3a00000|  0%| F|  |TAMS 0x00000000c3900000, 0x00000000c3900000| Untracked 
|  36|0x00000000c3a00000, 0x00000000c3a00000, 0x00000000c3b00000|  0%| F|  |TAMS 0x00000000c3a00000, 0x00000000c3a00000| Untracked 
|  37|0x00000000c3b00000, 0x00000000c3b00000, 0x00000000c3c00000|  0%| F|  |TAMS 0x00000000c3b00000, 0x00000000c3b00000| Untracked 
|  38|0x00000000c3c00000, 0x00000000c3c00000, 0x00000000c3d00000|  0%| F|  |TAMS 0x00000000c3c00000, 0x00000000c3c00000| Untracked 
|  39|0x00000000c3d00000, 0x00000000c3d00000, 0x00000000c3e00000|  0%| F|  |TAMS 0x00000000c3d00000, 0x00000000c3d00000| Untracked 
|  40|0x00000000c3e00000, 0x00000000c3e00000, 0x00000000c3f00000|  0%| F|  |TAMS 0x00000000c3e00000, 0x00000000c3e00000| Untracked 
|  41|0x00000000c3f00000, 0x00000000c3f00000, 0x00000000c4000000|  0%| F|  |TAMS 0x00000000c3f00000, 0x00000000c3f00000| Untracked 
|  42|0x00000000c4000000, 0x00000000c4000000, 0x00000000c4100000|  0%| F|  |TAMS 0x00000000c4000000, 0x00000000c4000000| Untracked 
|  43|0x00000000c4100000, 0x00000000c4100000, 0x00000000c4200000|  0%| F|  |TAMS 0x00000000c4100000, 0x00000000c4100000| Untracked 
|  44|0x00000000c4200000, 0x00000000c4200000, 0x00000000c4300000|  0%| F|  |TAMS 0x00000000c4200000, 0x00000000c4200000| Untracked 
|  45|0x00000000c4300000, 0x00000000c4300000, 0x00000000c4400000|  0%| F|  |TAMS 0x00000000c4300000, 0x00000000c4300000| Untracked 
|  46|0x00000000c4400000, 0x00000000c44edb28, 0x00000000c4500000| 92%| E|  |TAMS 0x00000000c4400000, 0x00000000c4400000| Complete 
|  47|0x00000000c4500000, 0x00000000c4600000, 0x00000000c4600000|100%| E|CS|TAMS 0x00000000c4500000, 0x00000000c4500000| Complete 
|  48|0x00000000c4600000, 0x00000000c4700000, 0x00000000c4700000|100%| E|CS|TAMS 0x00000000c4600000, 0x00000000c4600000| Complete 
|  49|0x00000000c4700000, 0x00000000c4800000, 0x00000000c4800000|100%| E|CS|TAMS 0x00000000c4700000, 0x00000000c4700000| Complete 
|  50|0x00000000c4800000, 0x00000000c4900000, 0x00000000c4900000|100%| E|CS|TAMS 0x00000000c4800000, 0x00000000c4800000| Complete 
|  51|0x00000000c4900000, 0x00000000c4a00000, 0x00000000c4a00000|100%| E|CS|TAMS 0x00000000c4900000, 0x00000000c4900000| Complete 
|  52|0x00000000c4a00000, 0x00000000c4b00000, 0x00000000c4b00000|100%| E|CS|TAMS 0x00000000c4a00000, 0x00000000c4a00000| Complete 
|  53|0x00000000c4b00000, 0x00000000c4c00000, 0x00000000c4c00000|100%| E|CS|TAMS 0x00000000c4b00000, 0x00000000c4b00000| Complete 
|  54|0x00000000c4c00000, 0x00000000c4d00000, 0x00000000c4d00000|100%| E|CS|TAMS 0x00000000c4c00000, 0x00000000c4c00000| Complete 
|  55|0x00000000c4d00000, 0x00000000c4e00000, 0x00000000c4e00000|100%| E|CS|TAMS 0x00000000c4d00000, 0x00000000c4d00000| Complete 
|  56|0x00000000c4e00000, 0x00000000c4f00000, 0x00000000c4f00000|100%| E|CS|TAMS 0x00000000c4e00000, 0x00000000c4e00000| Complete 
|  57|0x00000000c4f00000, 0x00000000c5000000, 0x00000000c5000000|100%| E|  |TAMS 0x00000000c4f00000, 0x00000000c4f00000| Complete 
|  58|0x00000000c5000000, 0x00000000c5100000, 0x00000000c5100000|100%| E|CS|TAMS 0x00000000c5000000, 0x00000000c5000000| Complete 
|  59|0x00000000c5100000, 0x00000000c5200000, 0x00000000c5200000|100%| E|CS|TAMS 0x00000000c5100000, 0x00000000c5100000| Complete 
|  60|0x00000000c5200000, 0x00000000c5300000, 0x00000000c5300000|100%| E|CS|TAMS 0x00000000c5200000, 0x00000000c5200000| Complete 
|  61|0x00000000c5300000, 0x00000000c5400000, 0x00000000c5400000|100%| E|CS|TAMS 0x00000000c5300000, 0x00000000c5300000| Complete 
|  62|0x00000000c5400000, 0x00000000c5500000, 0x00000000c5500000|100%| E|CS|TAMS 0x00000000c5400000, 0x00000000c5400000| Complete 
|  63|0x00000000c5500000, 0x00000000c5600000, 0x00000000c5600000|100%| E|CS|TAMS 0x00000000c5500000, 0x00000000c5500000| Complete 

Card table byte_map: [0x000002d079ef0000,0x000002d07a0f0000] _byte_map_base: 0x000002d0798e5000

Marking Bits (Prev, Next): (CMBitMap*) 0x000002d076345be0, (CMBitMap*) 0x000002d076345c20
 Prev Bits: [0x000002d07a2f0000, 0x000002d07b298000)
 Next Bits: [0x000002d07b2a0000, 0x000002d07c248000)

Polling page: 0x000002d074220000

Metaspace:

Usage:
  Non-class:     12.16 MB used.
      Class:      1.30 MB used.
       Both:     13.46 MB used.

Virtual space:
  Non-class space:       64.00 MB reserved,      12.25 MB ( 19%) committed,  1 nodes.
      Class space:        1.00 GB reserved,       1.38 MB ( <1%) committed,  1 nodes.
             Both:        1.06 GB reserved,      13.62 MB (  1%) committed. 

Chunk freelists:
   Non-Class:  2.98 MB
       Class:  14.55 MB
        Both:  17.53 MB

MaxMetaspaceSize: unlimited
CompressedClassSpaceSize: 1.00 GB
Initial GC threshold: 21.00 MB
Current GC threshold: 21.00 MB
CDS: off
MetaspaceReclaimPolicy: balanced
 - commit_granule_bytes: 65536.
 - commit_granule_words: 8192.
 - virtual_space_node_default_size: 8388608.
 - enlarge_chunks_in_place: 1.
 - new_chunks_are_fully_committed: 0.
 - uncommit_free_chunks: 1.
 - use_allocation_guard: 0.
 - handle_deallocations: 1.


Internal statistics:

num_allocs_failed_limit: 0.
num_arena_births: 96.
num_arena_deaths: 0.
num_vsnodes_births: 2.
num_vsnodes_deaths: 0.
num_space_committed: 218.
num_space_uncommitted: 0.
num_chunks_returned_to_freelist: 0.
num_chunks_taken_from_freelist: 171.
num_chunk_merges: 0.
num_chunk_splits: 99.
num_chunks_enlarged: 57.
num_inconsistent_stats: 0.

CodeHeap 'non-profiled nmethods': size=120000Kb used=336Kb max_used=336Kb free=119663Kb
 bounds [0x000002d007ad0000, 0x000002d007d40000, 0x000002d00f000000]
CodeHeap 'profiled nmethods': size=120000Kb used=1827Kb max_used=1827Kb free=118172Kb
 bounds [0x000002d000000000, 0x000002d000270000, 0x000002d007530000]
CodeHeap 'non-nmethods': size=5760Kb used=1159Kb max_used=1172Kb free=4600Kb
 bounds [0x000002d007530000, 0x000002d0077a0000, 0x000002d007ad0000]
 total_blobs=1510 nmethods=1058 adapters=365
 compilation: enabled
              stopped_count=0, restarted_count=0
 full_count=0

Compilation events (20 events):
Event: 14.507 Thread 0x000002d07ecda9e0 nmethod 1050 0x000002d0001c1310 code [0x000002d0001c1500, 0x000002d0001c1988]
Event: 14.508 Thread 0x000002d07ecda9e0 1051       3       java.lang.String::concat (15 bytes)
Event: 14.509 Thread 0x000002d07ecda9e0 nmethod 1051 0x000002d0001c1c90 code [0x000002d0001c1fe0, 0x000002d0001c3528]
Event: 14.512 Thread 0x000002d07ecda9e0 1053       1       java.lang.NamedPackage::module (5 bytes)
Event: 14.512 Thread 0x000002d07ecda9e0 nmethod 1053 0x000002d007b23810 code [0x000002d007b239a0, 0x000002d007b23a78]
Event: 14.514 Thread 0x000002d07ecda9e0 1054       3       java.net.URL::getDefaultPort (8 bytes)
Event: 14.514 Thread 0x000002d07ecda9e0 nmethod 1054 0x000002d0001c3c90 code [0x000002d0001c3e20, 0x000002d0001c4018]
Event: 14.514 Thread 0x000002d07ecda9e0 1055       3       java.lang.String::getChars (54 bytes)
Event: 14.514 Thread 0x000002d07ecda9e0 nmethod 1055 0x000002d0001c4110 code [0x000002d0001c4300, 0x000002d0001c4778]
Event: 14.514 Thread 0x000002d07ecda9e0 1056       3       java.lang.StringLatin1::getChars (12 bytes)
Event: 14.515 Thread 0x000002d07ecda9e0 nmethod 1056 0x000002d0001c4990 code [0x000002d0001c4b20, 0x000002d0001c4c48]
Event: 14.517 Thread 0x000002d07ecda9e0 1057       1       java.util.concurrent.CopyOnWriteArrayList::setArray (6 bytes)
Event: 14.517 Thread 0x000002d07ecda9e0 nmethod 1057 0x000002d007b23b10 code [0x000002d007b23ca0, 0x000002d007b23db8]
Event: 14.518 Thread 0x000002d07ecda9e0 1058       3       sun.net.util.URLUtil::urlNoFragString (114 bytes)
Event: 14.521 Thread 0x000002d07ecda9e0 nmethod 1058 0x000002d0001c4d10 code [0x000002d0001c5040, 0x000002d0001c6088]
Event: 14.521 Thread 0x000002d07ecda9e0 1059   !   3       jdk.internal.loader.BuiltinClassLoader::loadClassOrNull (143 bytes)
Event: 14.525 Thread 0x000002d07ecda9e0 nmethod 1059 0x000002d0001c6610 code [0x000002d0001c6940, 0x000002d0001c7e38]
Event: 14.525 Thread 0x000002d07ecda9e0 1060       3       java.lang.ClassLoader::getClassLoadingLock (35 bytes)
Event: 14.525 Thread 0x000002d07ecda9e0 nmethod 1060 0x000002d0001c8690 code [0x000002d0001c8840, 0x000002d0001c8b28]
Event: 14.527 Thread 0x000002d07ecda9e0 1061       3       java.net.URLStreamHandler::parseURL (1201 bytes)

GC Heap History (0 events):
No events

Dll operation events (8 events):
Event: 0.834 Loaded shared library D:\Ramya\sts-4.19.0.RELEASE\plugins\org.eclipse.justj.openjdk.hotspot.jre.full.win32.x86_64_17.0.7.v20230425-1502\jre\bin\java.dll
Event: 6.195 Loaded shared library D:\Ramya\sts-4.19.0.RELEASE\plugins\org.eclipse.justj.openjdk.hotspot.jre.full.win32.x86_64_17.0.7.v20230425-1502\jre\bin\jimage.dll
Event: 6.383 Loaded shared library D:\Ramya\sts-4.19.0.RELEASE\plugins\org.eclipse.justj.openjdk.hotspot.jre.full.win32.x86_64_17.0.7.v20230425-1502\jre\bin\net.dll
Event: 6.394 Loaded shared library D:\Ramya\sts-4.19.0.RELEASE\plugins\org.eclipse.justj.openjdk.hotspot.jre.full.win32.x86_64_17.0.7.v20230425-1502\jre\bin\nio.dll
Event: 6.436 Loaded shared library D:\Ramya\sts-4.19.0.RELEASE\plugins\org.eclipse.justj.openjdk.hotspot.jre.full.win32.x86_64_17.0.7.v20230425-1502\jre\bin\zip.dll
Event: 7.763 Loaded shared library D:\Ramya\sts-4.19.0.RELEASE\plugins\org.eclipse.justj.openjdk.hotspot.jre.full.win32.x86_64_17.0.7.v20230425-1502\jre\bin\management.dll
Event: 7.959 Loaded shared library D:\Ramya\sts-4.19.0.RELEASE\plugins\org.eclipse.justj.openjdk.hotspot.jre.full.win32.x86_64_17.0.7.v20230425-1502\jre\bin\management_ext.dll
Event: 14.315 Loaded shared library D:\Ramya\sts-4.19.0.RELEASE\plugins\org.eclipse.justj.openjdk.hotspot.jre.full.win32.x86_64_17.0.7.v20230425-1502\jre\bin\verify.dll

Deoptimization events (20 events):
Event: 13.935 Thread 0x000002d0763095e0 Uncommon trap: trap_request=0xffffff45 fr.pc=0x000002d007b16318 relative=0x0000000000000178
Event: 13.935 Thread 0x000002d0763095e0 Uncommon trap: reason=unstable_if action=reinterpret pc=0x000002d007b16318 method=java.lang.invoke.VarHandle.checkExactAccessMode(Ljava/lang/invoke/VarHandle$AccessDescriptor;)V @ 4 c2
Event: 13.935 Thread 0x000002d0763095e0 DEOPT PACKING pc=0x000002d007b16318 sp=0x000000f6b16feb20
Event: 13.935 Thread 0x000002d0763095e0 DEOPT UNPACKING pc=0x000002d0075869a3 sp=0x000000f6b16feb00 mode 2
Event: 13.997 Thread 0x000002d0763095e0 Uncommon trap: trap_request=0xffffff45 fr.pc=0x000002d007ad15f4 relative=0x0000000000000074
Event: 13.997 Thread 0x000002d0763095e0 Uncommon trap: reason=unstable_if action=reinterpret pc=0x000002d007ad15f4 method=java.lang.String.isLatin1()Z @ 10 c2
Event: 13.997 Thread 0x000002d0763095e0 DEOPT PACKING pc=0x000002d007ad15f4 sp=0x000000f6b16ff0b0
Event: 13.997 Thread 0x000002d0763095e0 DEOPT UNPACKING pc=0x000002d0075869a3 sp=0x000000f6b16feff0 mode 2
Event: 14.075 Thread 0x000002d0763095e0 Uncommon trap: trap_request=0xffffff45 fr.pc=0x000002d007ad7bdc relative=0x000000000000005c
Event: 14.075 Thread 0x000002d0763095e0 Uncommon trap: reason=unstable_if action=reinterpret pc=0x000002d007ad7bdc method=java.lang.String.isLatin1()Z @ 10 c2
Event: 14.075 Thread 0x000002d0763095e0 DEOPT PACKING pc=0x000002d007ad7bdc sp=0x000000f6b16fefe0
Event: 14.075 Thread 0x000002d0763095e0 DEOPT UNPACKING pc=0x000002d0075869a3 sp=0x000000f6b16fef70 mode 2
Event: 14.274 Thread 0x000002d0763095e0 DEOPT PACKING pc=0x000002d000052d68 sp=0x000000f6b16fcc60
Event: 14.274 Thread 0x000002d0763095e0 DEOPT UNPACKING pc=0x000002d007587143 sp=0x000000f6b16fc0f0 mode 0
Event: 14.476 Thread 0x000002d0763095e0 Uncommon trap: trap_request=0xffffff45 fr.pc=0x000002d007b20afc relative=0x000000000000025c
Event: 14.476 Thread 0x000002d0763095e0 Uncommon trap: reason=unstable_if action=reinterpret pc=0x000002d007b20afc method=java.io.BufferedReader.read()I @ 19 c2
Event: 14.476 Thread 0x000002d0763095e0 DEOPT PACKING pc=0x000002d007b20afc sp=0x000000f6b16fc570
Event: 14.476 Thread 0x000002d0763095e0 DEOPT UNPACKING pc=0x000002d0075869a3 sp=0x000000f6b16fc4b0 mode 2
Event: 14.511 Thread 0x000002d0763095e0 DEOPT PACKING pc=0x000002d0000116e5 sp=0x000000f6b16fb1d0
Event: 14.511 Thread 0x000002d0763095e0 DEOPT UNPACKING pc=0x000002d007587143 sp=0x000000f6b16fa620 mode 0

Classes unloaded (0 events):
No events

Classes redefined (0 events):
No events

Internal exceptions (14 events):
Event: 7.745 Thread 0x000002d0763095e0 Exception <a 'java/lang/NoSuchMethodError'{0x00000000c4b17560}: 'java.lang.Object java.lang.invoke.DirectMethodHandle$Holder.invokeStaticInit(java.lang.Object)'> (0x00000000c4b17560) 
thrown [s\src\hotspot\share\interpreter\linkResolver.cpp, line 759]
Event: 8.237 Thread 0x000002d0763095e0 Exception <a 'java/lang/NoSuchMethodError'{0x00000000c4b324a0}: 'int java.lang.invoke.DirectMethodHandle$Holder.invokeInterface(java.lang.Object, java.lang.Object)'> (0x00000000c4b324a0) 
thrown [s\src\hotspot\share\interpreter\linkResolver.cpp, line 759]
Event: 8.238 Thread 0x000002d0763095e0 Exception <a 'java/lang/IncompatibleClassChangeError'{0x00000000c4b35aa0}: Found class java.lang.Object, but interface was expected> (0x00000000c4b35aa0) 
thrown [s\src\hotspot\share\interpreter\linkResolver.cpp, line 826]
Event: 8.265 Thread 0x000002d0763095e0 Exception <a 'java/lang/NoSuchMethodError'{0x00000000c4b3b650}: 'void java.lang.invoke.DirectMethodHandle$Holder.invokeStatic(java.lang.Object, java.lang.Object)'> (0x00000000c4b3b650) 
thrown [s\src\hotspot\share\interpreter\linkResolver.cpp, line 759]
Event: 8.509 Thread 0x000002d0763095e0 Exception <a 'java/lang/NoSuchMethodError'{0x00000000c4a09f50}: 'int java.lang.invoke.DirectMethodHandle$Holder.invokeSpecial(java.lang.Object, java.lang.Object, java.lang.Object)'> (0x00000000c4a09f50) 
thrown [s\src\hotspot\share\interpreter\linkResolver.cpp, line 759]
Event: 9.175 Thread 0x000002d0763095e0 Exception <a 'java/lang/NoSuchMethodError'{0x00000000c4916c60}: 'void java.lang.invoke.DirectMethodHandle$Holder.invokeStatic(java.lang.Object, java.lang.Object, java.lang.Object)'> (0x00000000c4916c60) 
thrown [s\src\hotspot\share\interpreter\linkResolver.cpp, line 759]
Event: 10.854 Thread 0x000002d0763095e0 Exception <a 'java/lang/NoSuchMethodError'{0x00000000c49613c0}: 'int java.lang.invoke.DirectMethodHandle$Holder.invokeSpecialIFC(java.lang.Object, java.lang.Object, java.lang.Object)'> (0x00000000c49613c0) 
thrown [s\src\hotspot\share\interpreter\linkResolver.cpp, line 759]
Event: 11.017 Thread 0x000002d0763095e0 Exception <a 'java/lang/NoSuchMethodError'{0x00000000c49d74e8}: 'java.lang.Object java.lang.invoke.DirectMethodHandle$Holder.invokeStaticInit(java.lang.Object, int, int, int, int)'> (0x00000000c49d74e8) 
thrown [s\src\hotspot\share\interpreter\linkResolver.cpp, line 759]
Event: 13.793 Thread 0x000002d0763095e0 Exception <a 'java/lang/NoSuchMethodError'{0x00000000c48aa5f8}: 'java.lang.Object java.lang.invoke.DirectMethodHandle$Holder.invokeStaticInit(java.lang.Object, java.lang.Object, int, int, int, int)'> (0x00000000c48aa5f8) 
thrown [s\src\hotspot\share\interpreter\linkResolver.cpp, line 759]
Event: 13.847 Thread 0x000002d0763095e0 Exception <a 'java/lang/ClassNotFoundException'{0x00000000c48c5e00}: javax/management/remote/rmi/RMIServerImpl_Skel> (0x00000000c48c5e00) 
thrown [s\src\hotspot\share\classfile\systemDictionary.cpp, line 256]
Event: 13.912 Thread 0x000002d0763095e0 Implicit null exception at 0x000002d007b13cd6 to 0x000002d007b146e8
Event: 13.925 Thread 0x000002d0763095e0 Exception <a 'java/lang/ClassNotFoundException'{0x00000000c471f2f0}: jdk/internal/agent/resources/spi/agentProvider> (0x00000000c471f2f0) 
thrown [s\src\hotspot\share\classfile\systemDictionary.cpp, line 256]
Event: 14.474 Thread 0x000002d0763095e0 Exception <a 'java/lang/ClassNotFoundException'{0x00000000c45f94f8}: javax/smartcardio/CardPermission> (0x00000000c45f94f8) 
thrown [s\src\hotspot\share\classfile\systemDictionary.cpp, line 256]
Event: 14.485 Thread 0x000002d0763095e0 Exception <a 'java/io/FileNotFoundException'{0x00000000c4408f90}> (0x00000000c4408f90) 
thrown [s\src\hotspot\share\prims\jni.cpp, line 516]

VM Operations (20 events):
Event: 6.608 Executing VM operation: Cleanup
Event: 6.640 Executing VM operation: Cleanup done
Event: 7.642 Executing VM operation: Cleanup
Event: 7.642 Executing VM operation: Cleanup done
Event: 8.306 Executing VM operation: HandshakeAllThreads
Event: 8.306 Executing VM operation: HandshakeAllThreads done
Event: 8.308 Executing VM operation: HandshakeAllThreads
Event: 8.308 Executing VM operation: HandshakeAllThreads done
Event: 9.307 Executing VM operation: Cleanup
Event: 9.339 Executing VM operation: Cleanup done
Event: 9.535 Executing VM operation: HandshakeAllThreads
Event: 9.535 Executing VM operation: HandshakeAllThreads done
Event: 10.922 Executing VM operation: HandshakeAllThreads
Event: 10.922 Executing VM operation: HandshakeAllThreads done
Event: 11.928 Executing VM operation: Cleanup
Event: 11.928 Executing VM operation: Cleanup done
Event: 13.846 Executing VM operation: HandshakeAllThreads
Event: 13.846 Executing VM operation: HandshakeAllThreads done
Event: 13.846 Executing VM operation: Cleanup
Event: 13.847 Executing VM operation: Cleanup done

Events (20 events):
Event: 14.490 loading class java/io/FilePermissionCollection done
Event: 14.490 loading class java/io/FilePermissionCollection$1
Event: 14.490 loading class java/io/FilePermissionCollection$1 done
Event: 14.490 loading class java/security/PermissionsEnumerator
Event: 14.491 loading class java/security/PermissionsEnumerator done
Event: 14.491 loading class java/security/AccessControlException
Event: 14.491 loading class java/security/AccessControlException done
Event: 14.510 loading class sun/rmi/transport/StreamRemoteCall
Event: 14.510 loading class java/rmi/server/RemoteCall
Event: 14.510 loading class java/rmi/server/RemoteCall done
Event: 14.510 loading class sun/rmi/transport/StreamRemoteCall done
Event: 14.510 loading class sun/rmi/transport/ConnectionInputStream
Event: 14.510 loading class sun/rmi/server/MarshalInputStream
Event: 14.534 loading class java/text/SimpleDateFormat
Event: 14.538 loading class java/text/DateFormat
Event: 14.539 loading class java/text/DateFormat done
Event: 14.539 loading class java/text/SimpleDateFormat done
Event: 14.539 loading class java/text/DateFormat$Field
Event: 14.539 loading class java/text/DateFormat$Field done
Event: 14.540 loading class java/util/Calendar


Dynamic libraries:
0x00007ff740800000 - 0x00007ff74080e000 	D:\Ramya\sts-4.19.0.RELEASE\plugins\org.eclipse.justj.openjdk.hotspot.jre.full.win32.x86_64_17.0.7.v20230425-1502\jre\bin\javaw.exe
0x00007ffbc38b0000 - 0x00007ffbc3aa8000 	C:\Windows\SYSTEM32\ntdll.dll
0x00007ffbc3180000 - 0x00007ffbc3242000 	C:\Windows\System32\KERNEL32.DLL
0x00007ffbc1180000 - 0x00007ffbc1476000 	C:\Windows\System32\KERNELBASE.dll
0x00007ffbc1080000 - 0x00007ffbc1180000 	C:\Windows\System32\ucrtbase.dll
0x00007ffbabb40000 - 0x00007ffbabb59000 	D:\Ramya\sts-4.19.0.RELEASE\plugins\org.eclipse.justj.openjdk.hotspot.jre.full.win32.x86_64_17.0.7.v20230425-1502\jre\bin\VCRUNTIME140.dll
0x00007ffbbc1f0000 - 0x00007ffbbc207000 	D:\Ramya\sts-4.19.0.RELEASE\plugins\org.eclipse.justj.openjdk.hotspot.jre.full.win32.x86_64_17.0.7.v20230425-1502\jre\bin\jli.dll
0x00007ffbc34d0000 - 0x00007ffbc366d000 	C:\Windows\System32\USER32.dll
0x00007ffbb3270000 - 0x00007ffbb350b000 	C:\Windows\WinSxS\amd64_microsoft.windows.common-controls_6595b64144ccf1df_6.0.19041.6280_none_60bc30a171f2f3f3\COMCTL32.dll
0x00007ffbc1940000 - 0x00007ffbc19de000 	C:\Windows\System32\msvcrt.dll
0x00007ffbc16d0000 - 0x00007ffbc16f2000 	C:\Windows\System32\win32u.dll
0x00007ffbc2b10000 - 0x00007ffbc2b3b000 	C:\Windows\System32\GDI32.dll
0x00007ffbc1480000 - 0x00007ffbc1599000 	C:\Windows\System32\gdi32full.dll
0x00007ffbc0fe0000 - 0x00007ffbc107d000 	C:\Windows\System32\msvcp_win.dll
0x00007ffbc24c0000 - 0x00007ffbc24ef000 	C:\Windows\System32\IMM32.DLL
0x00007ffbbc520000 - 0x00007ffbbc52c000 	D:\Ramya\sts-4.19.0.RELEASE\plugins\org.eclipse.justj.openjdk.hotspot.jre.full.win32.x86_64_17.0.7.v20230425-1502\jre\bin\vcruntime140_1.dll
0x00007ffba98d0000 - 0x00007ffba9961000 	D:\Ramya\sts-4.19.0.RELEASE\plugins\org.eclipse.justj.openjdk.hotspot.jre.full.win32.x86_64_17.0.7.v20230425-1502\jre\bin\msvcp140.dll
0x00007ffb89e70000 - 0x00007ffb8aab8000 	D:\Ramya\sts-4.19.0.RELEASE\plugins\org.eclipse.justj.openjdk.hotspot.jre.full.win32.x86_64_17.0.7.v20230425-1502\jre\bin\server\jvm.dll
0x00007ffbc2bd0000 - 0x00007ffbc2c81000 	C:\Windows\System32\ADVAPI32.dll
0x00007ffbc1b10000 - 0x00007ffbc1baf000 	C:\Windows\System32\sechost.dll
0x00007ffbc2550000 - 0x00007ffbc2670000 	C:\Windows\System32\RPCRT4.dll
0x00007ffbc15f0000 - 0x00007ffbc1617000 	C:\Windows\System32\bcrypt.dll
0x00007ffbb14a0000 - 0x00007ffbb14a9000 	C:\Windows\SYSTEM32\WSOCK32.dll
0x00007ffbb40e0000 - 0x00007ffbb4107000 	C:\Windows\SYSTEM32\WINMM.dll
0x00007ffbb9580000 - 0x00007ffbb958a000 	C:\Windows\SYSTEM32\VERSION.dll
0x00007ffbc2aa0000 - 0x00007ffbc2b0b000 	C:\Windows\System32\WS2_32.dll
0x00007ffbbedf0000 - 0x00007ffbbee02000 	C:\Windows\SYSTEM32\kernel.appcore.dll
0x00007ffbbe3d0000 - 0x00007ffbbe3da000 	D:\Ramya\sts-4.19.0.RELEASE\plugins\org.eclipse.justj.openjdk.hotspot.jre.full.win32.x86_64_17.0.7.v20230425-1502\jre\bin\jimage.dll
0x00007ffbbbab0000 - 0x00007ffbbbcb1000 	C:\Windows\SYSTEM32\DBGHELP.DLL
0x00007ffbbe400000 - 0x00007ffbbe434000 	C:\Windows\SYSTEM32\dbgcore.DLL
0x00007ffbc0f50000 - 0x00007ffbc0fd2000 	C:\Windows\System32\bcryptPrimitives.dll
0x00007ffbaba80000 - 0x00007ffbabaa5000 	D:\Ramya\sts-4.19.0.RELEASE\plugins\org.eclipse.justj.openjdk.hotspot.jre.full.win32.x86_64_17.0.7.v20230425-1502\jre\bin\java.dll
0x00007ffbbaed0000 - 0x00007ffbbaee8000 	D:\Ramya\sts-4.19.0.RELEASE\plugins\org.eclipse.justj.openjdk.hotspot.jre.full.win32.x86_64_17.0.7.v20230425-1502\jre\bin\zip.dll
0x00007ffbc1ca0000 - 0x00007ffbc2410000 	C:\Windows\System32\SHELL32.dll
0x00007ffbbeff0000 - 0x00007ffbbf795000 	C:\Windows\SYSTEM32\windows.storage.dll
0x00007ffbc2720000 - 0x00007ffbc2a73000 	C:\Windows\System32\combase.dll
0x00007ffbc08b0000 - 0x00007ffbc08db000 	C:\Windows\SYSTEM32\Wldp.dll
0x00007ffbc1bc0000 - 0x00007ffbc1c8d000 	C:\Windows\System32\OLEAUT32.dll
0x00007ffbc2670000 - 0x00007ffbc271d000 	C:\Windows\System32\SHCORE.dll
0x00007ffbc24f0000 - 0x00007ffbc254b000 	C:\Windows\System32\shlwapi.dll
0x00007ffbc0e80000 - 0x00007ffbc0ea4000 	C:\Windows\SYSTEM32\profapi.dll
0x00007ffbaba60000 - 0x00007ffbaba79000 	D:\Ramya\sts-4.19.0.RELEASE\plugins\org.eclipse.justj.openjdk.hotspot.jre.full.win32.x86_64_17.0.7.v20230425-1502\jre\bin\net.dll
0x00007ffbbc3c0000 - 0x00007ffbbc4ca000 	C:\Windows\SYSTEM32\WINHTTP.dll
0x00007ffbc0610000 - 0x00007ffbc067a000 	C:\Windows\system32\mswsock.dll
0x00007ffbaba40000 - 0x00007ffbaba55000 	D:\Ramya\sts-4.19.0.RELEASE\plugins\org.eclipse.justj.openjdk.hotspot.jre.full.win32.x86_64_17.0.7.v20230425-1502\jre\bin\nio.dll
0x00007ffbbb4b0000 - 0x00007ffbbb4b9000 	D:\Ramya\sts-4.19.0.RELEASE\plugins\org.eclipse.justj.openjdk.hotspot.jre.full.win32.x86_64_17.0.7.v20230425-1502\jre\bin\management.dll
0x00007ffbb2870000 - 0x00007ffbb287b000 	D:\Ramya\sts-4.19.0.RELEASE\plugins\org.eclipse.justj.openjdk.hotspot.jre.full.win32.x86_64_17.0.7.v20230425-1502\jre\bin\management_ext.dll
0x00007ffbc1c90000 - 0x00007ffbc1c98000 	C:\Windows\System32\PSAPI.DLL
0x00007ffbad630000 - 0x00007ffbad647000 	C:\Windows\system32\napinsp.dll
0x00007ffbad610000 - 0x00007ffbad62b000 	C:\Windows\system32\pnrpnsp.dll
0x00007ffbad540000 - 0x00007ffbad55d000 	C:\Windows\system32\wshbth.dll
0x00007ffbbbd70000 - 0x00007ffbbbd8d000 	C:\Windows\system32\NLAapi.dll
0x00007ffbc02f0000 - 0x00007ffbc032b000 	C:\Windows\SYSTEM32\IPHLPAPI.DLL
0x00007ffbc0330000 - 0x00007ffbc03fa000 	C:\Windows\SYSTEM32\DNSAPI.dll
0x00007ffbc34c0000 - 0x00007ffbc34c8000 	C:\Windows\System32\NSI.dll
0x00007ffbad520000 - 0x00007ffbad532000 	C:\Windows\System32\winrnr.dll
0x00007ffbb5740000 - 0x00007ffbb574a000 	C:\Windows\System32\rasadhlp.dll
0x00007ffbb61e0000 - 0x00007ffbb6260000 	C:\Windows\System32\fwpuclnt.dll
0x00007ffbc0810000 - 0x00007ffbc0828000 	C:\Windows\SYSTEM32\CRYPTSP.dll
0x00007ffbbff30000 - 0x00007ffbbff68000 	C:\Windows\system32\rsaenh.dll
0x00007ffbc0e00000 - 0x00007ffbc0e2e000 	C:\Windows\SYSTEM32\USERENV.dll
0x00007ffbc0800000 - 0x00007ffbc080c000 	C:\Windows\SYSTEM32\CRYPTBASE.dll
0x00007ffbbaf70000 - 0x00007ffbbaf87000 	C:\Windows\SYSTEM32\dhcpcsvc6.DLL
0x00007ffbbb260000 - 0x00007ffbbb27d000 	C:\Windows\SYSTEM32\dhcpcsvc.DLL
0x00007ffbbe3b0000 - 0x00007ffbbe3c0000 	D:\Ramya\sts-4.19.0.RELEASE\plugins\org.eclipse.justj.openjdk.hotspot.jre.full.win32.x86_64_17.0.7.v20230425-1502\jre\bin\verify.dll

dbghelp: loaded successfully - version: 4.0.5 - missing functions: none
symbol engine: initialized successfully - sym options: 0x614 - pdb path: .;D:\Ramya\sts-4.19.0.RELEASE\plugins\org.eclipse.justj.openjdk.hotspot.jre.full.win32.x86_64_17.0.7.v20230425-1502\jre\bin;C:\Windows\SYSTEM32;C:\Windows\WinSxS\amd64_microsoft.windows.common-controls_6595b64144ccf1df_6.0.19041.6280_none_60bc30a171f2f3f3;D:\Ramya\sts-4.19.0.RELEASE\plugins\org.eclipse.justj.openjdk.hotspot.jre.full.win32.x86_64_17.0.7.v20230425-1502\jre\bin\server

VM Arguments:
jvm_args: -Dcom.sun.management.jmxremote -Dcom.sun.management.jmxremote.port=52852 -Dcom.sun.management.jmxremote.authenticate=false -Dcom.sun.management.jmxremote.ssl=false -Djava.rmi.server.hostname=localhost -Dspring.jmx.enabled=true -Dmanagement.endpoints.jmx.exposure.include=* -Dspring.application.admin.enabled=true -Dspring.boot.project.name=TaskManagement -Dfile.encoding=UTF-8 -XX:+ShowCodeDetailsInExceptionMessages 
java_command: com.narvee.TaskManagementApplication --spring.output.ansi.enabled=always
java_class_path (initial): C:\Users\user\git\TaskManagement\TaskManagement\target\classes;C:\Users\user\.m2\repository\org\springframework\boot\spring-boot-starter-data-jpa\2.7.15\spring-boot-starter-data-jpa-2.7.15.jar;C:\Users\user\.m2\repository\org\springframework\boot\spring-boot-starter-aop\2.7.15\spring-boot-starter-aop-2.7.15.jar;C:\Users\user\.m2\repository\org\springframework\spring-aop\5.3.29\spring-aop-5.3.29.jar;C:\Users\user\.m2\repository\org\aspectj\aspectjweaver\1.9.7\aspectjweaver-1.9.7.jar;C:\Users\user\.m2\repository\org\springframework\boot\spring-boot-starter-jdbc\2.7.15\spring-boot-starter-jdbc-2.7.15.jar;C:\Users\user\.m2\repository\com\zaxxer\HikariCP\4.0.3\HikariCP-4.0.3.jar;C:\Users\user\.m2\repository\org\springframework\spring-jdbc\5.3.29\spring-jdbc-5.3.29.jar;C:\Users\user\.m2\repository\jakarta\transaction\jakarta.transaction-api\1.3.3\jakarta.transaction-api-1.3.3.jar;C:\Users\user\.m2\repository\jakarta\persistence\jakarta.persistence-api\2.2.3\jakarta.persistence-api-2.2.3.jar;C:\Users\user\.m2\repository\org\hibernate\hibernate-core\5.6.15.Final\hibernate-core-5.6.15.Final.jar;C:\Users\user\.m2\repository\org\jboss\logging\jboss-logging\3.4.3.Final\jboss-logging-3.4.3.Final.jar;C:\Users\user\.m2\repository\net\bytebuddy\byte-buddy\1.12.23\byte-buddy-1.12.23.jar;C:\Users\user\.m2\repository\antlr\antlr\2.7.7\antlr-2.7.7.jar;C:\Users\user\.m2\repository\org\jboss\jandex\2.4.2.Final\jandex-2.4.2.Final.jar;C:\Users\user\.m2\repository\org\hibernate\common\hibernate-commons-annotations\5.1.2.Final\hibernate-commons-annotations-5.1.2.Final.jar;C:\Users\user\.m2\repository\org\glassfish\jaxb\jaxb-runtime\2.3.8\jaxb-runtime-2.3.8.jar;C:\Users\user\.m2\repository\org\glassfish\jaxb\txw2\2.3.8\txw2-2.3.8.jar;C:\Users\user\.m2\repository\com\sun\istack\istack-commons-runtime\3.0.12\istack-commons-runtime-3.0.12.jar;C:\Users\user\.m2\repository\org\springframework\data\spring-data-jpa\2.7.15\spring-data-jpa-2.7.15.jar;C:\Users\user\.m2\repo
Launcher Type: SUN_STANDARD

[Global flags]
     intx CICompilerCount                          = 4                                         {product} {ergonomic}
     uint ConcGCThreads                            = 2                                         {product} {ergonomic}
     uint G1ConcRefinementThreads                  = 8                                         {product} {ergonomic}
   size_t G1HeapRegionSize                         = 1048576                                   {product} {ergonomic}
    uintx GCDrainStackTargetSize                   = 64                                        {product} {ergonomic}
   size_t InitialHeapSize                          = 67108864                                  {product} {ergonomic}
     bool ManagementServer                         = true                                      {product} {command line}
   size_t MarkStackSize                            = 4194304                                   {product} {ergonomic}
   size_t MaxHeapSize                              = 1050673152                                {product} {ergonomic}
   size_t MaxNewSize                               = 630194176                                 {product} {ergonomic}
   size_t MinHeapDeltaBytes                        = 1048576                                   {product} {ergonomic}
   size_t MinHeapSize                              = 8388608                                   {product} {ergonomic}
    uintx NonNMethodCodeHeapSize                   = 5839372                                {pd product} {ergonomic}
    uintx NonProfiledCodeHeapSize                  = 122909434                              {pd product} {ergonomic}
    uintx ProfiledCodeHeapSize                     = 122909434                              {pd product} {ergonomic}
    uintx ReservedCodeCacheSize                    = 251658240                              {pd product} {ergonomic}
     bool SegmentedCodeCache                       = true                                      {product} {ergonomic}
     bool ShowCodeDetailsInExceptionMessages       = true                                   {manageable} {command line}
   size_t SoftMaxHeapSize                          = 1050673152                             {manageable} {ergonomic}
     bool UseCompressedClassPointers               = true                           {product lp64_product} {ergonomic}
     bool UseCompressedOops                        = true                           {product lp64_product} {ergonomic}
     bool UseG1GC                                  = true                                      {product} {ergonomic}
     bool UseLargePagesIndividualAllocation        = false                                  {pd product} {ergonomic}

Logging:
Log output configuration:
 #0: stdout all=warning uptime,level,tags
 #1: stderr all=off uptime,level,tags

Environment Variables:
PATH=D:/Ramya/sts-4.19.0.RELEASE//plugins/org.eclipse.justj.openjdk.hotspot.jre.full.win32.x86_64_17.0.7.v20230425-1502/jre/bin/server;D:/Ramya/sts-4.19.0.RELEASE//plugins/org.eclipse.justj.openjdk.hotspot.jre.full.win32.x86_64_17.0.7.v20230425-1502/jre/bin;C:\Program Files\OpenLogic\jdk-17.0.14.7-hotspot\bin;C:\Python312\Scripts\;C:\Python312\;C:\Windows\system32;C:\Windows;C:\Windows\System32\Wbem;C:\Windows\System32\WindowsPowerShell\v1.0\;C:\Windows\System32\OpenSSH\;C:\Program Files\nodejs\;C:\ProgramData\chocolatey\bin;C:\Program Files\PuTTY\;C:\Program Files\Git\cmd;C:\Program Files\MySQL\MySQL Shell 8.0\bin\;C:\Users\user\AppData\Local\Microsoft\WindowsApps;C:\Users\user\AppData\Local\Programs\Microsoft VS Code\bin;C:\Users\user\AppData\Roaming\npm;D:\Ramya\sts-4.19.0.RELEASE;
USERNAME=user
OS=Windows_NT
PROCESSOR_IDENTIFIER=Intel64 Family 6 Model 60 Stepping 3, GenuineIntel
TMP=C:\Users\user\AppData\Local\Temp
TEMP=C:\Users\user\AppData\Local\Temp



---------------  S Y S T E M  ---------------

OS:
 Windows 10 , 64 bit Build 19041 (10.0.19041.5915)
OS uptime: 1 days 2:21 hours

CPU: total 8 (initial active 8) (4 cores per cpu, 2 threads per core) family 6 model 60 stepping 3 microcode 0x27, cx8, cmov, fxsr, ht, mmx, sse, sse2, sse3, ssse3, sse4.1, sse4.2, popcnt, lzcnt, tsc, tscinvbit, avx, avx2, aes, erms, clmul, bmi1, bmi2, fma, vzeroupper, clflush

Memory: 4k page, system-wide physical 4004M (75M free)
TotalPageFile size 16292M (AvailPageFile size 0M)
current process WorkingSet (physical memory assigned to process): 62M, peak: 63M
current process commit charge ("private bytes"): 160M, peak: 160M

vm_info: OpenJDK 64-Bit Server VM (17.0.7+7) for windows-amd64 JRE (17.0.7+7), built on Apr 18 2023 22:10:42 by "temurin" with MS VC++ 16.7 (VS2019)

END.
